2025-11-05 10:23:48 INFO  PropertiesManager:79 - Loading properties file from classpath: /Volumes/4TB/Development/LocalGit/GitRepo/atscale-gatling-core/target/classes/systems.properties 
2025-11-05 10:23:48 INFO  PropertiesManager:111 - AtScale models loaded: [AdventureWorksDW2012Multidimensional-EE, Sales_Insights_-_Postgres] 
2025-11-05 10:23:48 INFO  InstallerVerQueryExtractExecutor:80 - QueryExtractExecutor started. 
2025-11-05 10:23:48 INFO  PropertiesManager:111 - AtScale models loaded: [AdventureWorksDW2012Multidimensional-EE, Sales_Insights_-_Postgres] 
2025-11-05 10:23:48 INFO  InstallerVerQueryExtractExecutor:85 - Processing model: AdventureWorksDW2012Multidimensional-EE 
2025-11-05 10:23:48 INFO  InstallerVerQueryExtractExecutor:209 - Caching JDBC queries... 
2025-11-05 10:23:48 INFO  AtScalePostgresDao:125 - Initializing AtScalePostgresDao with URL: jdbc:postgresql://10.200.1.37:10520/atscale 
2025-11-05 10:23:48 INFO  AtScalePostgresDao:126 - Database user: atscale 
2025-11-05 10:23:49 INFO  AtScalePostgresDao:173 - ✅ Database connection test successful 
2025-11-05 10:23:49 INFO  AtScalePostgresDao:206 - Schema detection - Engine schema: false, Public schema: false 
2025-11-05 10:23:49 INFO  QueryHistoryFileUtil:86 - Caching JDBC queries for model AdventureWorksDW2012Multidimensional-EE to file: ./app/queries/AdventureWorksDW2012Multidimensional-EE_jdbc_queries.json 
2025-11-05 10:23:49 INFO  AtScalePostgresDao:249 - Getting query history with custom query, params: [sql, AdventureWorksDW2012Multidimensional-EE] 
2025-11-05 10:23:50 INFO  AtScalePostgresDao:265 - Retrieved 0 query history records with custom query 
2025-11-05 10:23:50 WARN  AtScalePostgresDao:274 - No results returned from custom query. QueryExtract SQL: 
    SELECT
        q.service,
        q.query_language,
        q.query_text as inbound_text,
        MAX(s.subquery_text) as outbound_text,
        p.cube_name,
        p.project_id,
        case when MAX(s.subquery_text) like '%as_agg_%' then true else false end as used_agg,
        COUNT(*)                             AS num_times,
        AVG(r.finished - p.planning_started) AS elasped_time_in_seconds,
        AVG(r.result_size)                   AS avg_result_size
    FROM
        atscale.queries q
    INNER JOIN
        atscale.query_results r
    ON
        q.query_id=r.query_id
    INNER JOIN
        atscale.queries_planned p
    ON
        q.query_id=p.query_id
    INNER JOIN
        atscale.subqueries s
    ON
        q.query_id=s.query_id
    WHERE
        q.query_language = 'sql' AND
        p.planning_started > current_timestamp - interval '60 day'
        and p.cube_name = 'AdventureWorksDW2012Multidimensional-EE'
        AND q.service = 'user-query'
        AND r.succeeded = true
        AND LENGTH(q.query_text) > 100
        AND q.query_text NOT LIKE '/* Virtual query to get the members of a level */%'
        AND q.query_text NOT LIKE '-- statement does not return rows%'
    GROUP BY
        1, 2, 3, 5, 6
    ORDER BY 3
 
2025-11-05 10:23:50 INFO  AtScalePostgresDao:371 - Checking available models and query languages... 
2025-11-05 10:23:50 INFO  AtScalePostgresDao:376 - Available Model and Query Language combinations: 
2025-11-05 10:23:50 INFO  AtScalePostgresDao:381 -   - Model: 711CustomDate, Query Language: analysis 
2025-11-05 10:23:50 INFO  AtScalePostgresDao:381 -   - Model: ASAdventureSmall, Query Language: analysis 
2025-11-05 10:23:50 INFO  AtScalePostgresDao:381 -   - Model: AtScale Usage, Query Language: analysis 
2025-11-05 10:23:50 INFO  AtScalePostgresDao:381 -   - Model: Enterprise Sales, Query Language: analysis 
2025-11-05 10:23:50 INFO  AtScalePostgresDao:381 -   - Model: Internet Sales Cube, Query Language: analysis 
2025-11-05 10:23:50 INFO  AtScalePostgresDao:381 -   - Model: Internet Sales Cube - Postgres, Query Language: analysis 
2025-11-05 10:23:50 INFO  AtScalePostgresDao:381 -   - Model: KeyBusPandL, Query Language: analysis 
2025-11-05 10:23:50 INFO  AtScalePostgresDao:381 -   - Model: NikeInventory, Query Language: analysis 
2025-11-05 10:23:50 INFO  AtScalePostgresDao:381 -   - Model: NikeProdSeason, Query Language: analysis 
2025-11-05 10:23:50 INFO  AtScalePostgresDao:381 -   - Model: Warranty20, Query Language: analysis 
2025-11-05 10:23:50 INFO  AtScalePostgresDao:381 -   - Model: ae3-inventory, Query Language: analysis 
2025-11-05 10:23:50 INFO  AtScalePostgresDao:381 -   - Model: ae4, Query Language: analysis 
2025-11-05 10:23:50 INFO  AtScalePostgresDao:381 -   - Model: cigna_many2many, Query Language: analysis 
2025-11-05 10:23:50 INFO  AtScalePostgresDao:381 -   - Model: ASAdventureSmall, Query Language: pgsql 
2025-11-05 10:23:50 INFO  AtScalePostgresDao:381 -   - Model: Internet Sales Cube, Query Language: pgsql 
2025-11-05 10:23:50 INFO  AtScalePostgresDao:381 -   - Model: Internet Sales Cube - Postgres, Query Language: pgsql 
2025-11-05 10:23:50 INFO  AtScalePostgresDao:381 -   - Model: NikeProdSeason, Query Language: pgsql 
2025-11-05 10:23:50 INFO  AtScalePostgresDao:381 -   - Model: ae3-inventory, Query Language: pgsql 
2025-11-05 10:23:50 INFO  AtScalePostgresDao:381 -   - Model: Internet Sales Cube - Postgres, Query Language: sql 
2025-11-05 10:23:50 WARN  QueryHistoryFileUtil:94 - Validation error No results returned for the user provided query. 
java.lang.IllegalArgumentException: No results returned for the user provided query.
	at com.atscale.java.utils.QueryHistoryFileUtil.validate(QueryHistoryFileUtil.java:115)
	at com.atscale.java.utils.QueryHistoryFileUtil.cacheJdbcQueries(QueryHistoryFileUtil.java:89)
	at com.atscale.java.executors.InstallerVerQueryExtractExecutor.cacheJdbcQueries(InstallerVerQueryExtractExecutor.java:269)
	at com.atscale.java.executors.InstallerVerQueryExtractExecutor.execute(InstallerVerQueryExtractExecutor.java:91)
	at com.atscale.java.executors.InstallerVerQueryExtractExecutor.main(InstallerVerQueryExtractExecutor.java:26)
	at org.codehaus.mojo.exec.ExecJavaMojo.doMain(ExecJavaMojo.java:385)
	at org.codehaus.mojo.exec.ExecJavaMojo.doExec(ExecJavaMojo.java:374)
	at org.codehaus.mojo.exec.ExecJavaMojo.lambda$execute$0(ExecJavaMojo.java:296)
	at java.base/java.lang.Thread.run(Thread.java:1570)
2025-11-05 10:23:50 INFO  InstallerVerQueryExtractExecutor:281 - Caching XMLA queries... 
2025-11-05 10:23:50 INFO  QueryHistoryFileUtil:101 - Caching XMLA queries for model AdventureWorksDW2012Multidimensional-EE to file: ./app/queries/AdventureWorksDW2012Multidimensional-EE_xmla_queries.json 
2025-11-05 10:23:50 INFO  AtScalePostgresDao:249 - Getting query history with custom query, params: [analysis, AdventureWorksDW2012Multidimensional-EE] 
2025-11-05 10:23:50 INFO  AtScalePostgresDao:265 - Retrieved 0 query history records with custom query 
2025-11-05 10:23:50 WARN  AtScalePostgresDao:274 - No results returned from custom query. QueryExtract SQL: 
    SELECT
        q.service,
        q.query_language,
        q.query_text as inbound_text,
        MAX(s.subquery_text) as outbound_text,
        p.cube_name,
        p.project_id,
        case when MAX(s.subquery_text) like '%as_agg_%' then true else false end as used_agg,
        COUNT(*)                             AS num_times,
        AVG(r.finished - p.planning_started) AS elasped_time_in_seconds,
        AVG(r.result_size)                   AS avg_result_size
    FROM
        atscale.queries q
    INNER JOIN
        atscale.query_results r
    ON
        q.query_id=r.query_id
    INNER JOIN
        atscale.queries_planned p
    ON
        q.query_id=p.query_id
    INNER JOIN
        atscale.subqueries s
    ON
        q.query_id=s.query_id
    WHERE
        q.query_language = 'analysis' AND
        p.planning_started > current_timestamp - interval '60 day'
        and p.cube_name = 'AdventureWorksDW2012Multidimensional-EE'
        AND q.service = 'user-query'
        AND r.succeeded = true
        AND LENGTH(q.query_text) > 100
        AND q.query_text NOT LIKE '/* Virtual query to get the members of a level */%'
        AND q.query_text NOT LIKE '-- statement does not return rows%'
    GROUP BY
        1, 2, 3, 5, 6
    ORDER BY 3
 
2025-11-05 10:23:50 INFO  AtScalePostgresDao:371 - Checking available models and query languages... 
2025-11-05 10:23:51 INFO  AtScalePostgresDao:376 - Available Model and Query Language combinations: 
2025-11-05 10:23:51 INFO  AtScalePostgresDao:381 -   - Model: 711CustomDate, Query Language: analysis 
2025-11-05 10:23:51 INFO  AtScalePostgresDao:381 -   - Model: ASAdventureSmall, Query Language: analysis 
2025-11-05 10:23:51 INFO  AtScalePostgresDao:381 -   - Model: AtScale Usage, Query Language: analysis 
2025-11-05 10:23:51 INFO  AtScalePostgresDao:381 -   - Model: Enterprise Sales, Query Language: analysis 
2025-11-05 10:23:51 INFO  AtScalePostgresDao:381 -   - Model: Internet Sales Cube, Query Language: analysis 
2025-11-05 10:23:51 INFO  AtScalePostgresDao:381 -   - Model: Internet Sales Cube - Postgres, Query Language: analysis 
2025-11-05 10:23:51 INFO  AtScalePostgresDao:381 -   - Model: KeyBusPandL, Query Language: analysis 
2025-11-05 10:23:51 INFO  AtScalePostgresDao:381 -   - Model: NikeInventory, Query Language: analysis 
2025-11-05 10:23:51 INFO  AtScalePostgresDao:381 -   - Model: NikeProdSeason, Query Language: analysis 
2025-11-05 10:23:51 INFO  AtScalePostgresDao:381 -   - Model: Warranty20, Query Language: analysis 
2025-11-05 10:23:51 INFO  AtScalePostgresDao:381 -   - Model: ae3-inventory, Query Language: analysis 
2025-11-05 10:23:51 INFO  AtScalePostgresDao:381 -   - Model: ae4, Query Language: analysis 
2025-11-05 10:23:51 INFO  AtScalePostgresDao:381 -   - Model: cigna_many2many, Query Language: analysis 
2025-11-05 10:23:51 INFO  AtScalePostgresDao:381 -   - Model: ASAdventureSmall, Query Language: pgsql 
2025-11-05 10:23:51 INFO  AtScalePostgresDao:381 -   - Model: Internet Sales Cube, Query Language: pgsql 
2025-11-05 10:23:51 INFO  AtScalePostgresDao:381 -   - Model: Internet Sales Cube - Postgres, Query Language: pgsql 
2025-11-05 10:23:51 INFO  AtScalePostgresDao:381 -   - Model: NikeProdSeason, Query Language: pgsql 
2025-11-05 10:23:51 INFO  AtScalePostgresDao:381 -   - Model: ae3-inventory, Query Language: pgsql 
2025-11-05 10:23:51 INFO  AtScalePostgresDao:381 -   - Model: Internet Sales Cube - Postgres, Query Language: sql 
2025-11-05 10:23:51 WARN  QueryHistoryFileUtil:109 - Validation error No results returned for the user provided query. 
2025-11-05 10:23:51 INFO  InstallerVerQueryExtractExecutor:85 - Processing model: Sales_Insights_-_Postgres 
2025-11-05 10:23:51 INFO  InstallerVerQueryExtractExecutor:209 - Caching JDBC queries... 
2025-11-05 10:23:51 INFO  QueryHistoryFileUtil:86 - Caching JDBC queries for model Sales_Insights_-_Postgres to file: ./app/queries/Sales_Insights_-_Postgres_jdbc_queries.json 
2025-11-05 10:23:51 INFO  AtScalePostgresDao:249 - Getting query history with custom query, params: [sql, Sales_Insights_-_Postgres] 
2025-11-05 10:23:51 INFO  AtScalePostgresDao:265 - Retrieved 0 query history records with custom query 
2025-11-05 10:23:51 WARN  AtScalePostgresDao:274 - No results returned from custom query. QueryExtract SQL: 
    SELECT
        q.service,
        q.query_language,
        q.query_text as inbound_text,
        MAX(s.subquery_text) as outbound_text,
        p.cube_name,
        p.project_id,
        case when MAX(s.subquery_text) like '%as_agg_%' then true else false end as used_agg,
        COUNT(*)                             AS num_times,
        AVG(r.finished - p.planning_started) AS elasped_time_in_seconds,
        AVG(r.result_size)                   AS avg_result_size
    FROM
        atscale.queries q
    INNER JOIN
        atscale.query_results r
    ON
        q.query_id=r.query_id
    INNER JOIN
        atscale.queries_planned p
    ON
        q.query_id=p.query_id
    INNER JOIN
        atscale.subqueries s
    ON
        q.query_id=s.query_id
    WHERE
        q.query_language = 'sql' AND
        p.planning_started > current_timestamp - interval '60 day'
        and p.cube_name = 'Sales_Insights_-_Postgres'
        AND q.service = 'user-query'
        AND r.succeeded = true
        AND LENGTH(q.query_text) > 100
        AND q.query_text NOT LIKE '/* Virtual query to get the members of a level */%'
        AND q.query_text NOT LIKE '-- statement does not return rows%'
    GROUP BY
        1, 2, 3, 5, 6
    ORDER BY 3
 
2025-11-05 10:23:51 INFO  AtScalePostgresDao:371 - Checking available models and query languages... 
2025-11-05 10:23:52 INFO  AtScalePostgresDao:376 - Available Model and Query Language combinations: 
2025-11-05 10:23:52 INFO  AtScalePostgresDao:381 -   - Model: 711CustomDate, Query Language: analysis 
2025-11-05 10:23:52 INFO  AtScalePostgresDao:381 -   - Model: ASAdventureSmall, Query Language: analysis 
2025-11-05 10:23:52 INFO  AtScalePostgresDao:381 -   - Model: AtScale Usage, Query Language: analysis 
2025-11-05 10:23:52 INFO  AtScalePostgresDao:381 -   - Model: Enterprise Sales, Query Language: analysis 
2025-11-05 10:23:52 INFO  AtScalePostgresDao:381 -   - Model: Internet Sales Cube, Query Language: analysis 
2025-11-05 10:23:52 INFO  AtScalePostgresDao:381 -   - Model: Internet Sales Cube - Postgres, Query Language: analysis 
2025-11-05 10:23:52 INFO  AtScalePostgresDao:381 -   - Model: KeyBusPandL, Query Language: analysis 
2025-11-05 10:23:52 INFO  AtScalePostgresDao:381 -   - Model: NikeInventory, Query Language: analysis 
2025-11-05 10:23:52 INFO  AtScalePostgresDao:381 -   - Model: NikeProdSeason, Query Language: analysis 
2025-11-05 10:23:52 INFO  AtScalePostgresDao:381 -   - Model: Warranty20, Query Language: analysis 
2025-11-05 10:23:52 INFO  AtScalePostgresDao:381 -   - Model: ae3-inventory, Query Language: analysis 
2025-11-05 10:23:52 INFO  AtScalePostgresDao:381 -   - Model: ae4, Query Language: analysis 
2025-11-05 10:23:52 INFO  AtScalePostgresDao:381 -   - Model: cigna_many2many, Query Language: analysis 
2025-11-05 10:23:52 INFO  AtScalePostgresDao:381 -   - Model: ASAdventureSmall, Query Language: pgsql 
2025-11-05 10:23:52 INFO  AtScalePostgresDao:381 -   - Model: Internet Sales Cube, Query Language: pgsql 
2025-11-05 10:23:52 INFO  AtScalePostgresDao:381 -   - Model: Internet Sales Cube - Postgres, Query Language: pgsql 
2025-11-05 10:23:52 INFO  AtScalePostgresDao:381 -   - Model: NikeProdSeason, Query Language: pgsql 
2025-11-05 10:23:52 INFO  AtScalePostgresDao:381 -   - Model: ae3-inventory, Query Language: pgsql 
2025-11-05 10:23:52 INFO  AtScalePostgresDao:381 -   - Model: Internet Sales Cube - Postgres, Query Language: sql 
2025-11-05 10:23:52 WARN  QueryHistoryFileUtil:94 - Validation error No results returned for the user provided query. 
java.lang.IllegalArgumentException: No results returned for the user provided query.
	at com.atscale.java.utils.QueryHistoryFileUtil.validate(QueryHistoryFileUtil.java:115)
	at com.atscale.java.utils.QueryHistoryFileUtil.cacheJdbcQueries(QueryHistoryFileUtil.java:89)
	at com.atscale.java.executors.InstallerVerQueryExtractExecutor.cacheJdbcQueries(InstallerVerQueryExtractExecutor.java:269)
	at com.atscale.java.executors.InstallerVerQueryExtractExecutor.execute(InstallerVerQueryExtractExecutor.java:91)
	at com.atscale.java.executors.InstallerVerQueryExtractExecutor.main(InstallerVerQueryExtractExecutor.java:26)
	at org.codehaus.mojo.exec.ExecJavaMojo.doMain(ExecJavaMojo.java:385)
	at org.codehaus.mojo.exec.ExecJavaMojo.doExec(ExecJavaMojo.java:374)
	at org.codehaus.mojo.exec.ExecJavaMojo.lambda$execute$0(ExecJavaMojo.java:296)
	at java.base/java.lang.Thread.run(Thread.java:1570)
2025-11-05 10:23:52 INFO  InstallerVerQueryExtractExecutor:281 - Caching XMLA queries... 
2025-11-05 10:23:52 INFO  QueryHistoryFileUtil:101 - Caching XMLA queries for model Sales_Insights_-_Postgres to file: ./app/queries/Sales_Insights_-_Postgres_xmla_queries.json 
2025-11-05 10:23:52 INFO  AtScalePostgresDao:249 - Getting query history with custom query, params: [analysis, Sales_Insights_-_Postgres] 
2025-11-05 10:23:52 INFO  AtScalePostgresDao:265 - Retrieved 0 query history records with custom query 
2025-11-05 10:23:52 WARN  AtScalePostgresDao:274 - No results returned from custom query. QueryExtract SQL: 
    SELECT
        q.service,
        q.query_language,
        q.query_text as inbound_text,
        MAX(s.subquery_text) as outbound_text,
        p.cube_name,
        p.project_id,
        case when MAX(s.subquery_text) like '%as_agg_%' then true else false end as used_agg,
        COUNT(*)                             AS num_times,
        AVG(r.finished - p.planning_started) AS elasped_time_in_seconds,
        AVG(r.result_size)                   AS avg_result_size
    FROM
        atscale.queries q
    INNER JOIN
        atscale.query_results r
    ON
        q.query_id=r.query_id
    INNER JOIN
        atscale.queries_planned p
    ON
        q.query_id=p.query_id
    INNER JOIN
        atscale.subqueries s
    ON
        q.query_id=s.query_id
    WHERE
        q.query_language = 'analysis' AND
        p.planning_started > current_timestamp - interval '60 day'
        and p.cube_name = 'Sales_Insights_-_Postgres'
        AND q.service = 'user-query'
        AND r.succeeded = true
        AND LENGTH(q.query_text) > 100
        AND q.query_text NOT LIKE '/* Virtual query to get the members of a level */%'
        AND q.query_text NOT LIKE '-- statement does not return rows%'
    GROUP BY
        1, 2, 3, 5, 6
    ORDER BY 3
 
2025-11-05 10:23:52 INFO  AtScalePostgresDao:371 - Checking available models and query languages... 
2025-11-05 10:23:53 INFO  AtScalePostgresDao:376 - Available Model and Query Language combinations: 
2025-11-05 10:23:53 INFO  AtScalePostgresDao:381 -   - Model: 711CustomDate, Query Language: analysis 
2025-11-05 10:23:53 INFO  AtScalePostgresDao:381 -   - Model: ASAdventureSmall, Query Language: analysis 
2025-11-05 10:23:53 INFO  AtScalePostgresDao:381 -   - Model: AtScale Usage, Query Language: analysis 
2025-11-05 10:23:53 INFO  AtScalePostgresDao:381 -   - Model: Enterprise Sales, Query Language: analysis 
2025-11-05 10:23:53 INFO  AtScalePostgresDao:381 -   - Model: Internet Sales Cube, Query Language: analysis 
2025-11-05 10:23:53 INFO  AtScalePostgresDao:381 -   - Model: Internet Sales Cube - Postgres, Query Language: analysis 
2025-11-05 10:23:53 INFO  AtScalePostgresDao:381 -   - Model: KeyBusPandL, Query Language: analysis 
2025-11-05 10:23:53 INFO  AtScalePostgresDao:381 -   - Model: NikeInventory, Query Language: analysis 
2025-11-05 10:23:53 INFO  AtScalePostgresDao:381 -   - Model: NikeProdSeason, Query Language: analysis 
2025-11-05 10:23:53 INFO  AtScalePostgresDao:381 -   - Model: Warranty20, Query Language: analysis 
2025-11-05 10:23:53 INFO  AtScalePostgresDao:381 -   - Model: ae3-inventory, Query Language: analysis 
2025-11-05 10:23:53 INFO  AtScalePostgresDao:381 -   - Model: ae4, Query Language: analysis 
2025-11-05 10:23:53 INFO  AtScalePostgresDao:381 -   - Model: cigna_many2many, Query Language: analysis 
2025-11-05 10:23:53 INFO  AtScalePostgresDao:381 -   - Model: ASAdventureSmall, Query Language: pgsql 
2025-11-05 10:23:53 INFO  AtScalePostgresDao:381 -   - Model: Internet Sales Cube, Query Language: pgsql 
2025-11-05 10:23:53 INFO  AtScalePostgresDao:381 -   - Model: Internet Sales Cube - Postgres, Query Language: pgsql 
2025-11-05 10:23:53 INFO  AtScalePostgresDao:381 -   - Model: NikeProdSeason, Query Language: pgsql 
2025-11-05 10:23:53 INFO  AtScalePostgresDao:381 -   - Model: ae3-inventory, Query Language: pgsql 
2025-11-05 10:23:53 INFO  AtScalePostgresDao:381 -   - Model: Internet Sales Cube - Postgres, Query Language: sql 
2025-11-05 10:23:53 WARN  QueryHistoryFileUtil:109 - Validation error No results returned for the user provided query. 
2025-11-05 10:23:53 INFO  InstallerVerQueryExtractExecutor:120 - QueryExtractExecutor finished. 
